2017-03-20 14:40:52,200 logwrite.py[line:54] INFO expdp exp_user/gzgsoracle schemas=GZGS_GY directory=/u01/app/oracle/expdp_backup dumpfile=GZGS_GY_expdp_impdp_byuser_2017032014_%U.dmp logfile=GZGS_GY_expdp_byuser_2017032014.log 
2017-03-20 15:09:23,416 logwrite.py[line:55] WARNING Please asign the type to backup data.Such as byuser|bytable|bytablespace|byfull.
2017-03-20 15:09:45,135 logwrite.py[line:55] WARNING Please asign the type to backup data.Such as byuser|bytable|bytablespace|byfull.
2017-03-20 15:10:05,870 logwrite.py[line:55] WARNING Please asign the type to backup data.Such as byuser|bytable|bytablespace|byfull.
2017-03-20 15:10:19,779 logwrite.py[line:54] INFO expdp exp_user/gzgsoracle schemas= directory=/u01/app/oracle/expdp_backup dumpfile=_expdp_impdp_byuser_2017032015_%U.dmp logfile=_expdp_byuser_2017032015.log 
2017-03-20 15:10:40,465 logwrite.py[line:54] INFO exp  owner= file=/_exp_imp_byuser_20170320.dmp log=/_exp_byuser_20170320.log 
2017-03-20 15:11:29,838 logwrite.py[line:54] INFO exp  owner= file=/_exp_imp_byschema_20170320.dmp log=/_exp_byschema_20170320.log 
2017-03-20 15:12:43,072 logwrite.py[line:54] INFO exp gzgs_hz,gzgs_gy owner= file=/u01/app/oracle/exp_backup/_exp_imp_byschema_20170320.dmp log=/u01/app/oracle/exp_backup/_exp_byschema_20170320.log 
2017-03-20 15:14:10,873 logwrite.py[line:54] INFO exp exp_user/gzgsoracle owner=gzgs_hz file=/u01/app/oracle/exp_backup/gzgs_hz_exp_imp_byschema_20170320.dmp log=/u01/app/oracle/exp_backup/gzgs_hz_exp_byschema_20170320.log 
2017-03-20 15:14:45,593 logwrite.py[line:54] INFO exp exp_user/gzgsoracle tables=gzgs_hz.a_qyzt file=/u01/app/oracle/exp_backup/gzgs_hz.a_qyzt_exp_imp_bytable_20170320.dmp log=/u01/app/oracle/exp_backup/gzgs_hz.a_qyzt_exp_bytable_20170320.log 
2017-03-20 15:15:03,858 logwrite.py[line:55] WARNING Please asign the type of backup. Such as byschema|bytable|byfull.
2017-03-20 15:15:21,856 logwrite.py[line:54] INFO exp exp_user/gzgsoracle full=y file=/u01/app/oracle/exp_backup/gzgszxk1_exp_imp_byfull_20170320.dmp log=/u01/app/oracle/exp_backup/gzgszxk1_exp_byfull_20170320.log 
2017-03-20 15:15:35,599 logwrite.py[line:54] INFO expdp exp_user/gzgsoracle full=y directory=/u01/app/oracle/expdp_backup dumpfile=gzgszxk1_expdp_impdp_byfull_20170320_%U.dmp logfile=gzgszxk1_expdp_byfull_20170320.log 
2017-03-20 15:15:53,698 logwrite.py[line:54] INFO expdp exp_user/gzgsoracle tablespaces=gzgs_hz directory=/u01/app/oracle/expdp_backup dumpfile=gzgs_hz_expdp_impdp_bytablespace_20170320_%U.dmp logfile=gzgs_hz_expdp_bytablespace_20170320.log 
2017-03-20 15:16:10,625 logwrite.py[line:54] INFO expdp exp_user/gzgsoracle tables=gzgs_hz.a_qyzt directory=/u01/app/oracle/expdp_backup dumpfile=gzgs_hz.a_qyzt_expdp_impdp_bytable_20170320_%U.dmp logfile=gzgs_hz.a_qyzt_expdp_bytable_20170320.log 
2017-03-20 15:16:21,206 logwrite.py[line:54] INFO expdp exp_user/gzgsoracle schemas=gzgs_hz directory=/u01/app/oracle/expdp_backup dumpfile=gzgs_hz_expdp_impdp_byschema_2017032015_%U.dmp logfile=gzgs_hz_expdp_byschema_2017032015.log 
2017-03-20 16:45:34,212 logwrite.py[line:54] INFO exp exp_user/gzgsoracle owner=gzgs_hz file=/u01/app/oracle/exp_backup/gzgs_hz_exp_imp_byuser_20170320.dmp log=/u01/app/oracle/exp_backup/gzgs_hz_exp_byuser_20170320.log 
2017-03-20 16:46:34,865 logwrite.py[line:54] INFO exp exp_user/gzgsoracle tables=gzgs_hz.a_qyzt file=/u01/app/oracle/exp_backup/gzgs_hz.a_qyzt_exp_imp_bytable_20170320.dmp log=/u01/app/oracle/exp_backup/gzgs_hz.a_qyzt_exp_bytable_20170320.log 
2017-03-20 16:46:52,713 logwrite.py[line:54] INFO exp exp_user/gzgsoracle full=y file=/u01/app/oracle/exp_backup/gzgszxk1_exp_imp_byfull_20170320.dmp log=/u01/app/oracle/exp_backup/gzgszxk1_exp_byfull_20170320.log 
2017-03-20 16:47:30,941 logwrite.py[line:54] INFO expdp exp_user/gzgsoracle full=y directory=/u01/app/oracle/expdp_backup dumpfile=gzgszxk1_expdp_impdp_byfull_20170320_%U.dmp logfile=gzgszxk1_expdp_byfull_20170320.log 
2017-03-20 16:48:04,384 logwrite.py[line:54] INFO expdp exp_user/gzgsoracle full=y directory=expdp_backup dumpfile=gzgszxk1_expdp_impdp_byfull_20170320_%U.dmp logfile=gzgszxk1_expdp_byfull_20170320.log 
2017-03-20 16:48:18,595 logwrite.py[line:54] INFO expdp exp_user/gzgsoracle tablespaces=gzgs_hz directory=expdp_backup dumpfile=gzgs_hz_expdp_impdp_bytablespace_20170320_%U.dmp logfile=gzgs_hz_expdp_bytablespace_20170320.log 
2017-03-20 16:48:31,388 logwrite.py[line:54] INFO expdp exp_user/gzgsoracle tables=gzgs_hz.a_qyzt directory=expdp_backup dumpfile=gzgs_hz.a_qyzt_expdp_impdp_bytable_20170320_%U.dmp logfile=gzgs_hz.a_qyzt_expdp_bytable_20170320.log 
2017-03-20 16:48:43,025 logwrite.py[line:54] INFO expdp exp_user/gzgsoracle schemas=gzgs_hz directory=expdp_backup dumpfile=gzgs_hz_expdp_impdp_byschema_2017032016_%U.dmp logfile=gzgs_hz_expdp_byschema_2017032016.log 
2017-03-20 16:48:56,060 logwrite.py[line:54] INFO expdp exp_user/gzgsoracle tables=gzgs_hz.a_qyzt directory=expdp_backup dumpfile=gzgs_hz.a_qyzt_expdp_impdp_bytable_20170320_%U.dmp logfile=gzgs_hz.a_qyzt_expdp_bytable_20170320.log 
2017-03-20 16:49:38,533 logwrite.py[line:54] INFO impdp exp_user/gzgsoracle tables=a_qyzt remap_schemma=gzgs_hz:gzgs_hz directory=expdp_backup dumpfile=gzgs_hz.a_qyzt_expdp_impdp_bytable_20170320_%U.dmp logfile=gzgs_hz.a_qyzt_impdp_bytable_20170320.log  
2017-03-20 16:49:53,323 logwrite.py[line:54] INFO impdp exp_user/gzgsoracle remap_schemma=gzgs_hz:gzgs_hz directory=expdp_backup dumpfile=gzgs_hz_expdp_impdp_byschema_20170320_%U.dmp logfile=gzgs_hz_impdp_byschema_20170320.log  
2017-03-20 16:50:10,631 logwrite.py[line:54] INFO impdp exp_user/gzgsoracle tables=a_qyzt remap_schemma=gzgs_hz:gzgs_hz directory=expdp_backup dumpfile=gzgs_hz.a_qyzt_expdp_impdp_bytable_20170320_%U.dmp logfile=gzgs_hz.a_qyzt_impdp_bytable_20170320.log  
2017-03-20 16:50:19,685 logwrite.py[line:54] INFO impdp exp_user/gzgsoracle remap_schemma=gzgs_hz:gzgs_hz remap_tablespace=gzgs_hz:gzgs_hz directory=expdp_backup dumpfile=gzgs_hz_expdp_impdp_bytablespace_20170320.dmp logfile=gzgs_hz_impdp_bytablespace_20170320.log  
2017-03-20 16:50:33,228 logwrite.py[line:54] INFO impdp exp_user/gzgsoracle full=y directory=expdp_backup dumpfile=gzgszxk1_expdp_impdp_byfull_20170320_%U.dmp logfile=gzgszxk1_impdp_byfull_20170320.log  
2017-03-20 16:51:13,189 logwrite.py[line:54] INFO imp exp_user/gzgsoracle full=y file=/u01/app/oracle/exp_backup/gzgszxk1_exp_imp_byfull_20170320.dmp log=/u01/app/oracle/exp_backup/gzgszxk1_imp_byfull_20170320.log ignore=y
2017-03-20 16:51:23,061 logwrite.py[line:54] INFO imp exp_user/gzgsoracle fromuser=gzgs_hz touser=gzgs_hz file=/u01/app/oracle/exp_backup/gzgs_hz_exp_imp_byuser_20170320.dmp log=/u01/app/oracle/exp_backup/gzgs_hz_imp_byuser_20170320.log 
2017-03-20 16:51:34,302 logwrite.py[line:54] INFO imp exp_user/gzgsoracle fromuser=gzgs_hz touser=gzgs_hz table=a_qyzt file=/u01/app/oracle/exp_backup/gzgs_hz.gzgs_hz_exp_imp_bytable_20170320.dmp log=/u01/app/oracle/exp_backup/gzgs_hz.a_qyzt_imp_bytable_20170320.log 
2017-03-20 16:52:17,574 logwrite.py[line:54] INFO imp exp_user/gzgsoracle fromuser=gzgs_hz touser=gzgs_hz table=a_qyzt file=/u01/app/oracle/exp_backup/gzgs_hz.gzgs_hz_exp_imp_bytable_20170320.dmp log=/u01/app/oracle/exp_backup/gzgs_hz.a_qyzt_imp_bytable_20170320.log 
2017-03-20 16:53:00,813 logwrite.py[line:54] INFO imp exp_user/gzgsoracle fromuser=gzgs_hz touser=gzgs_hz tables=a_qyzt file=/u01/app/oracle/exp_backup/gzgs_hz.gzgs_hz_exp_imp_bytable_20170320.dmp log=/u01/app/oracle/exp_backup/gzgs_hz.a_qyzt_imp_bytable_20170320.log 
